18:21:17,230 (main) DEBUG [DataNucleus.General] - Using PluginRegistry org.datanucleus.plugin.NonManagedPluginRegistry
18:21:17,277 (main) DEBUG [DataNucleus.General] - Registering bundle org.datanucleus version 3.2.11 at URL file:/C:/Users/PC/.m2/repository/org/datanucleus/datanucleus-core/3.2.11/datanucleus-core-3.2.11.jar.
18:21:17,371 (main) DEBUG [DataNucleus.General] - Loading extension points from plug-in file jar:file:/C:/Users/PC/.m2/repository/org/datanucleus/datanucleus-core/3.2.11/datanucleus-core-3.2.11.jar!/plugin.xml.
18:21:17,387 (main) DEBUG [DataNucleus.General] - Loading extensions from plug-in file jar:file:/C:/Users/PC/.m2/repository/org/datanucleus/datanucleus-core/3.2.11/datanucleus-core-3.2.11.jar!/plugin.xml.
18:21:17,402 (main) DEBUG [DataNucleus.General] - Registering bundle org.datanucleus.api.jdo version 3.2.7 at URL file:/C:/Users/PC/.m2/repository/org/datanucleus/datanucleus-api-jdo/3.2.7/datanucleus-api-jdo-3.2.7.jar.
18:21:17,402 (main) DEBUG [DataNucleus.General] - Loading extension points from plug-in file jar:file:/C:/Users/PC/.m2/repository/org/datanucleus/datanucleus-api-jdo/3.2.7/datanucleus-api-jdo-3.2.7.jar!/plugin.xml.
18:21:17,402 (main) DEBUG [DataNucleus.General] - Loading extensions from plug-in file jar:file:/C:/Users/PC/.m2/repository/org/datanucleus/datanucleus-api-jdo/3.2.7/datanucleus-api-jdo-3.2.7.jar!/plugin.xml.
18:21:17,433 (main) DEBUG [DataNucleus.General] - Registering bundle org.sonatype.inject version 2.3.0 at URL file:/C:/Users/PC/.m2/repository/org/sonatype/sisu/sisu-inject-bean/2.3.0/sisu-inject-bean-2.3.0.jar.
18:21:17,433 (main) DEBUG [DataNucleus.General] - Loading extension points from plug-in file jar:file:/C:/Users/PC/.m2/repository/org/sonatype/sisu/sisu-inject-bean/2.3.0/sisu-inject-bean-2.3.0.jar!/plugin.xml.
18:21:17,433 (main) DEBUG [DataNucleus.General] - Loading extensions from plug-in file jar:file:/C:/Users/PC/.m2/repository/org/sonatype/sisu/sisu-inject-bean/2.3.0/sisu-inject-bean-2.3.0.jar!/plugin.xml.
18:21:17,433 (main) DEBUG [DataNucleus.General] - Registering bundle org.datanucleus.jdo.query version 3.0.2 at URL file:/C:/Users/PC/.m2/repository/org/datanucleus/datanucleus-jdo-query/3.0.2/datanucleus-jdo-query-3.0.2.jar.
18:21:17,433 (main) DEBUG [DataNucleus.General] - Loading extension points from plug-in file jar:file:/C:/Users/PC/.m2/repository/org/datanucleus/datanucleus-jdo-query/3.0.2/datanucleus-jdo-query-3.0.2.jar!/plugin.xml.
18:21:17,433 (main) DEBUG [DataNucleus.General] - Loading extensions from plug-in file jar:file:/C:/Users/PC/.m2/repository/org/datanucleus/datanucleus-jdo-query/3.0.2/datanucleus-jdo-query-3.0.2.jar!/plugin.xml.
18:21:17,433 (main) DEBUG [DataNucleus.General] - Registering bundle org.datanucleus.store.types.jodatime version 3.2.1 at URL file:/C:/Users/PC/.m2/repository/org/datanucleus/datanucleus-jodatime/3.2.1/datanucleus-jodatime-3.2.1.jar.
18:21:17,433 (main) DEBUG [DataNucleus.General] - Loading extension points from plug-in file jar:file:/C:/Users/PC/.m2/repository/org/datanucleus/datanucleus-jodatime/3.2.1/datanucleus-jodatime-3.2.1.jar!/plugin.xml.
18:21:17,433 (main) DEBUG [DataNucleus.General] - Loading extensions from plug-in file jar:file:/C:/Users/PC/.m2/repository/org/datanucleus/datanucleus-jodatime/3.2.1/datanucleus-jodatime-3.2.1.jar!/plugin.xml.
18:21:17,449 (main) DEBUG [DataNucleus.General] - Registering bundle org.datanucleus.store.rdbms version 3.2.10 at URL file:/C:/Users/PC/.m2/repository/org/datanucleus/datanucleus-rdbms/3.2.10/datanucleus-rdbms-3.2.10.jar.
18:21:17,496 (main) DEBUG [DataNucleus.General] - Loading extension points from plug-in file jar:file:/C:/Users/PC/.m2/repository/org/datanucleus/datanucleus-rdbms/3.2.10/datanucleus-rdbms-3.2.10.jar!/plugin.xml.
18:21:17,512 (main) DEBUG [DataNucleus.General] - Loading extensions from plug-in file jar:file:/C:/Users/PC/.m2/repository/org/datanucleus/datanucleus-rdbms/3.2.10/datanucleus-rdbms-3.2.10.jar!/plugin.xml.
18:21:17,590 (main) DEBUG [DataNucleus.Persistence] - Java types support initialising ...
18:21:17,637 (main) DEBUG [DataNucleus.Persistence] - Not enabling java type support for javax.time.calendar.LocalDate : java type not present in CLASSPATH
18:21:17,637 (main) DEBUG [DataNucleus.Persistence] - Not enabling java type support for javax.time.calendar.LocalDateTime : java type not present in CLASSPATH
18:21:17,637 (main) DEBUG [DataNucleus.Persistence] - Not enabling java type support for javax.time.calendar.LocalTime : java type not present in CLASSPATH
18:21:17,715 (main) DEBUG [DataNucleus.Persistence] - Java types support loaded : supported java types=java.awt.Color, java.lang.Float, [Ljava.lang.Integer;, java.sql.Time, java.util.SortedSet, java.net.URL, java.util.Date, java.util.PriorityQueue, float, [Ljava.lang.Character;, [Ljava.lang.Double;, java.lang.Integer, java.math.BigDecimal, java.util.Vector, java.lang.Character, java.lang.Enum, java.lang.Long, java.lang.Short, java.util.Locale, java.util.Map, java.math.BigInteger, java.net.URI, java.lang.Byte, java.util.GregorianCalendar, java.awt.image.BufferedImage, byte, double, java.util.TimeZone, java.sql.Timestamp, java.util.Collection, java.util.Set, java.util.UUID, [Ljava.lang.String;, java.util.List, [Ljava.lang.Short;, java.lang.StringBuilder, java.util.Queue, java.util.SortedMap, [Ljava.lang.Enum;, [Ljava.lang.Boolean;, java.lang.Double, [Ljava.util.Date;, [B, [C, org.joda.time.LocalTime, org.joda.time.Duration, [D, java.util.HashMap, java.util.Currency, [F, long, java.util.Stack, java.util.TreeSet, [I, java.util.ArrayList, [J, java.util.HashSet, java.util.LinkedHashMap, org.joda.time.Interval, java.util.Calendar, java.lang.StringBuffer, [S, [Ljava.math.BigInteger;, java.lang.Boolean, [Ljava.lang.Number;, java.lang.String, [Ljava.math.BigDecimal;, java.lang.Number, java.util.LinkedList, java.util.Hashtable, java.util.LinkedHashSet, [Z, org.joda.time.Period, [Ljava.lang.Float;, java.util.Properties, [Ljava.lang.Byte;, org.joda.time.DateTime, [Ljava.util.Locale;, int, java.sql.Date, org.joda.time.LocalDate, boolean, java.util.TreeMap, [Ljava.lang.Long;, char, short, java.lang.Class, java.util.BitSet, java.util.Arrays$ArrayList
18:21:17,715 (main) DEBUG [DataNucleus.Persistence] - Type converter support initialising ...
18:21:17,730 (main) DEBUG [DataNucleus.Persistence] - Added converter for java.math.BigDecimal<->java.lang.String using org.datanucleus.store.types.converters.BigDecimalStringConverter
18:21:17,730 (main) DEBUG [DataNucleus.Persistence] - Added converter for java.math.BigInteger<->java.lang.String using org.datanucleus.store.types.converters.BigIntegerStringConverter
18:21:17,730 (main) DEBUG [DataNucleus.Persistence] - Added converter for java.util.BitSet<->java.lang.String using org.datanucleus.store.types.converters.BitSetStringConverter
18:21:17,730 (main) DEBUG [DataNucleus.Persistence] - Added converter for java.util.Calendar<->java.lang.String using org.datanucleus.store.types.converters.CalendarStringConverter
18:21:17,730 (main) DEBUG [DataNucleus.Persistence] - Added converter for java.lang.Class<->java.lang.String using org.datanucleus.store.types.converters.ClassStringConverter
18:21:17,730 (main) DEBUG [DataNucleus.Persistence] - Added converter for java.awt.Color<->java.lang.String using org.datanucleus.store.types.converters.ColorStringConverter
18:21:17,730 (main) DEBUG [DataNucleus.Persistence] - Added converter for java.lang.Integer<->java.lang.String using org.datanucleus.store.types.converters.IntegerStringConverter
18:21:17,730 (main) DEBUG [DataNucleus.Persistence] - Added converter for java.lang.Long<->java.lang.String using org.datanucleus.store.types.converters.LongStringConverter
18:21:17,730 (main) DEBUG [DataNucleus.Persistence] - Added converter for java.util.Currency<->java.lang.String using org.datanucleus.store.types.converters.CurrencyStringConverter
18:21:17,730 (main) DEBUG [DataNucleus.Persistence] - Added converter for java.util.Date<->java.lang.Long using org.datanucleus.store.types.converters.DateLongConverter
18:21:17,730 (main) DEBUG [DataNucleus.Persistence] - Added converter for java.util.Date<->java.lang.String using org.datanucleus.store.types.converters.DateStringConverter
18:21:17,730 (main) DEBUG [DataNucleus.Persistence] - Added converter for java.util.Locale<->java.lang.String using org.datanucleus.store.types.converters.LocaleStringConverter
18:21:17,730 (main) DEBUG [DataNucleus.Persistence] - Added converter for java.sql.Date<->java.lang.Long using org.datanucleus.store.types.converters.SqlDateLongConverter
18:21:17,730 (main) DEBUG [DataNucleus.Persistence] - Added converter for java.sql.Date<->java.lang.String using org.datanucleus.store.types.converters.SqlDateStringConverter
18:21:17,730 (main) DEBUG [DataNucleus.Persistence] - Added converter for java.sql.Time<->java.lang.Long using org.datanucleus.store.types.converters.SqlTimeLongConverter
18:21:17,730 (main) DEBUG [DataNucleus.Persistence] - Added converter for java.sql.Time<->java.lang.String using org.datanucleus.store.types.converters.SqlTimeStringConverter
18:21:17,746 (main) DEBUG [DataNucleus.Persistence] - Added converter for java.sql.Timestamp<->java.lang.Long using org.datanucleus.store.types.converters.SqlTimestampLongConverter
18:21:17,746 (main) DEBUG [DataNucleus.Persistence] - Added converter for java.lang.StringBuffer<->java.lang.String using org.datanucleus.store.types.converters.StringBufferStringConverter
18:21:17,746 (main) DEBUG [DataNucleus.Persistence] - Added converter for java.lang.StringBuilder<->java.lang.String using org.datanucleus.store.types.converters.StringBuilderStringConverter
18:21:17,887 (main) DEBUG [DataNucleus.Persistence] - Added converter for java.util.TimeZone<->java.lang.String using org.datanucleus.store.types.converters.TimeZoneStringConverter
18:21:17,933 (main) DEBUG [DataNucleus.Persistence] - Added converter for java.net.URI<->java.lang.String using org.datanucleus.store.types.converters.URIStringConverter
18:21:17,933 (main) DEBUG [DataNucleus.Persistence] - Added converter for java.net.URL<->java.lang.String using org.datanucleus.store.types.converters.URLStringConverter
18:21:17,933 (main) DEBUG [DataNucleus.Persistence] - Added converter for java.util.UUID<->java.lang.String using org.datanucleus.store.types.converters.UUIDStringConverter
18:21:17,933 (main) DEBUG [DataNucleus.Persistence] - TypeConverter for javax.time.calendar.LocalDate<->java.lang.String ignored since java type not present in CLASSPATH
18:21:17,933 (main) DEBUG [DataNucleus.Persistence] - TypeConverter for javax.time.calendar.LocalTime<->java.lang.String ignored since java type not present in CLASSPATH
18:21:17,933 (main) DEBUG [DataNucleus.Persistence] - TypeConverter for javax.time.calendar.LocalTime<->java.lang.Long ignored since java type not present in CLASSPATH
18:21:17,933 (main) DEBUG [DataNucleus.Persistence] - TypeConverter for javax.time.calendar.LocalDateTime<->java.lang.String ignored since java type not present in CLASSPATH
18:21:17,933 (main) DEBUG [DataNucleus.Persistence] - Added converter for java.io.Serializable<->java.lang.String using org.datanucleus.store.types.converters.SerializableStringConverter
18:21:17,933 (main) DEBUG [DataNucleus.Persistence] - Added converter for java.io.Serializable<->[B using org.datanucleus.store.types.converters.SerializableByteArrayConverter
18:21:17,933 (main) DEBUG [DataNucleus.Persistence] - Added converter for org.joda.time.DateTime<->java.lang.String using org.datanucleus.store.types.converters.JodaDateTimeStringConverter
18:21:17,933 (main) DEBUG [DataNucleus.Persistence] - Added converter for org.joda.time.Duration<->java.lang.String using org.datanucleus.store.types.converters.JodaDurationStringConverter
18:21:17,933 (main) DEBUG [DataNucleus.Persistence] - Added converter for org.joda.time.Interval<->java.lang.String using org.datanucleus.store.types.converters.JodaIntervalStringConverter
18:21:17,949 (main) DEBUG [DataNucleus.Persistence] - Added converter for org.joda.time.LocalDate<->java.lang.String using org.datanucleus.store.types.converters.JodaLocalDateStringConverter
18:21:17,949 (main) DEBUG [DataNucleus.Persistence] - Added converter for org.joda.time.LocalTime<->java.lang.String using org.datanucleus.store.types.converters.JodaLocalTimeStringConverter
18:21:17,949 (main) DEBUG [DataNucleus.Persistence] - Added converter for org.joda.time.Period<->java.lang.String using org.datanucleus.store.types.converters.JodaPeriodStringConverter
18:21:17,949 (main) DEBUG [DataNucleus.Persistence] - Type converter support loaded
18:21:17,949 (main) DEBUG [DataNucleus.MetaData] - MetaDataManager : Input=(XML,Annotations), XML-Validation=false, XML-Suffices=(persistence=*.jdo, orm=orm, query=*.jdoquery), JDO-listener=false
18:21:17,949 (main) INFO  [DataNucleus.Enhancer] - DataNucleus Enhancer (version 3.2.11) for API "JDO" using JRE "1.8"
18:21:17,949 (main) DEBUG [DataNucleus.Enhancer] - DataNucleus Enhancer : Classpath
18:21:17,949 (main) DEBUG [DataNucleus.Enhancer] - >>  C:\Program Files\Maven\apache-maven-3.8.3\boot\plexus-classworlds-2.6.0.jar
18:21:17,949 (main) DEBUG [DataNucleus.Enhancer] - Enhancing classes for JRE=1.8 with stackmap-frames=true
18:21:17,965 (main) DEBUG [DataNucleus.MetaData] - MetaData Management : Loading Metadata for classes "[dom.simple.QSimpleObject, dom.simple.SimpleObject, dom.simple.SimpleObjects]" ...
18:21:17,980 (main) DEBUG [DataNucleus.MetaData] - MetaData of type "jdo" for class "dom.simple.QSimpleObject" NOT found at /META-INF/package.jdo
18:21:17,980 (main) DEBUG [DataNucleus.MetaData] - MetaData of type "jdo" for class "dom.simple.QSimpleObject" NOT found at /WEB-INF/package.jdo
18:21:17,980 (main) DEBUG [DataNucleus.MetaData] - MetaData of type "jdo" for class "dom.simple.QSimpleObject" NOT found at /package.jdo
18:21:17,980 (main) DEBUG [DataNucleus.MetaData] - MetaData of type "jdo" for class "dom.simple.QSimpleObject" NOT found at /dom/package.jdo
18:21:17,980 (main) DEBUG [DataNucleus.MetaData] - MetaData of type "jdo" for class "dom.simple.QSimpleObject" NOT found at /dom.jdo
18:21:17,980 (main) DEBUG [DataNucleus.MetaData] - MetaData of type "jdo" for class "dom.simple.QSimpleObject" NOT found at /dom/simple/package.jdo
18:21:17,980 (main) DEBUG [DataNucleus.MetaData] - MetaData of type "jdo" for class "dom.simple.QSimpleObject" NOT found at /dom/simple.jdo
18:21:17,980 (main) DEBUG [DataNucleus.MetaData] - MetaData of type "jdo" for class "dom.simple.QSimpleObject" NOT found at /dom/simple/QSimpleObject.jdo
18:21:17,980 (main) DEBUG [DataNucleus.MetaData] - MetaData of type "jdo" for class "dom.simple.QSimpleObject" not found
18:21:17,980 (main) DEBUG [DataNucleus.MetaData] - Registering class "dom.simple.QSimpleObject" as not having MetaData.
18:21:17,980 (main) DEBUG [DataNucleus.MetaData] - Class "dom.simple.QSimpleObject" has no MetaData or annotations.
18:21:18,058 (main) DEBUG [DataNucleus.MetaData] - Class "dom.simple.SimpleObject" has been specified with JDO annotations so using those.
18:21:18,074 (main) DEBUG [DataNucleus.MetaData] - MetaData of type "jdo" for class "dom.simple.SimpleObjects" NOT found at /META-INF/package.jdo
18:21:18,074 (main) DEBUG [DataNucleus.MetaData] - MetaData of type "jdo" for class "dom.simple.SimpleObjects" NOT found at /WEB-INF/package.jdo
18:21:18,074 (main) DEBUG [DataNucleus.MetaData] - MetaData of type "jdo" for class "dom.simple.SimpleObjects" NOT found at /package.jdo
18:21:18,074 (main) DEBUG [DataNucleus.MetaData] - MetaData of type "jdo" for class "dom.simple.SimpleObjects" NOT found at /dom/package.jdo
18:21:18,074 (main) DEBUG [DataNucleus.MetaData] - MetaData of type "jdo" for class "dom.simple.SimpleObjects" NOT found at /dom.jdo
18:21:18,074 (main) DEBUG [DataNucleus.MetaData] - MetaData of type "jdo" for class "dom.simple.SimpleObjects" NOT found at /dom/simple/package.jdo
18:21:18,074 (main) DEBUG [DataNucleus.MetaData] - MetaData of type "jdo" for class "dom.simple.SimpleObjects" NOT found at /dom/simple.jdo
18:21:18,074 (main) DEBUG [DataNucleus.MetaData] - MetaData of type "jdo" for class "dom.simple.SimpleObjects" NOT found at /dom/simple/SimpleObjects.jdo
18:21:18,074 (main) DEBUG [DataNucleus.MetaData] - MetaData of type "jdo" for class "dom.simple.SimpleObjects" not found
18:21:18,074 (main) DEBUG [DataNucleus.MetaData] - Registering class "dom.simple.SimpleObjects" as not having MetaData.
18:21:18,074 (main) DEBUG [DataNucleus.MetaData] - Class "dom.simple.SimpleObjects" has no MetaData or annotations.
18:21:18,074 (main) DEBUG [DataNucleus.MetaData] - Populating all MetaData ...
18:21:18,074 (main) DEBUG [DataNucleus.MetaData] - Class "dom.simple.SimpleObject" : Populating Meta-Data
18:21:18,074 (main) DEBUG [DataNucleus.MetaData] - Class "dom.simple.SimpleObject" field "container" : Adding Meta-Data for field since it didnt appear in the Meta-Data definition.
18:21:18,074 (main) DEBUG [DataNucleus.MetaData] - MetaData of type "jdo" for class "org.apache.isis.applib.DomainObjectContainer" NOT found at /META-INF/package.jdo
18:21:18,074 (main) DEBUG [DataNucleus.MetaData] - MetaData of type "jdo" for class "org.apache.isis.applib.DomainObjectContainer" NOT found at /WEB-INF/package.jdo
18:21:18,074 (main) DEBUG [DataNucleus.MetaData] - MetaData of type "jdo" for class "org.apache.isis.applib.DomainObjectContainer" NOT found at /package.jdo
18:21:18,074 (main) DEBUG [DataNucleus.MetaData] - MetaData of type "jdo" for class "org.apache.isis.applib.DomainObjectContainer" NOT found at /org/package.jdo
18:21:18,074 (main) DEBUG [DataNucleus.MetaData] - MetaData of type "jdo" for class "org.apache.isis.applib.DomainObjectContainer" NOT found at /org.jdo
18:21:18,074 (main) DEBUG [DataNucleus.MetaData] - MetaData of type "jdo" for class "org.apache.isis.applib.DomainObjectContainer" NOT found at /org/apache/package.jdo
18:21:18,074 (main) DEBUG [DataNucleus.MetaData] - MetaData of type "jdo" for class "org.apache.isis.applib.DomainObjectContainer" NOT found at /org/apache.jdo
18:21:18,074 (main) DEBUG [DataNucleus.MetaData] - MetaData of type "jdo" for class "org.apache.isis.applib.DomainObjectContainer" NOT found at /org/apache/isis/package.jdo
18:21:18,074 (main) DEBUG [DataNucleus.MetaData] - MetaData of type "jdo" for class "org.apache.isis.applib.DomainObjectContainer" NOT found at /org/apache/isis.jdo
18:21:18,074 (main) DEBUG [DataNucleus.MetaData] - MetaData of type "jdo" for class "org.apache.isis.applib.DomainObjectContainer" NOT found at /org/apache/isis/applib/package.jdo
18:21:18,074 (main) DEBUG [DataNucleus.MetaData] - MetaData of type "jdo" for class "org.apache.isis.applib.DomainObjectContainer" NOT found at /org/apache/isis/applib.jdo
18:21:18,074 (main) DEBUG [DataNucleus.MetaData] - MetaData of type "jdo" for class "org.apache.isis.applib.DomainObjectContainer" NOT found at /org/apache/isis/applib/DomainObjectContainer.jdo
18:21:18,074 (main) DEBUG [DataNucleus.MetaData] - MetaData of type "jdo" for class "org.apache.isis.applib.DomainObjectContainer" not found
18:21:18,074 (main) DEBUG [DataNucleus.MetaData] - Registering class "org.apache.isis.applib.DomainObjectContainer" as not having MetaData.
18:21:18,074 (main) DEBUG [DataNucleus.MetaData] - Initialising all MetaData ...
18:21:18,074 (main) DEBUG [DataNucleus.MetaData] - Class "dom.simple.SimpleObject" : Initialising Meta-Data
18:21:18,074 (main) DEBUG [DataNucleus.MetaData] - MetaData Management : Load of Metadata complete
18:21:18,090 (main) DEBUG [DataNucleus.Enhancer] - Enhance of class "dom.simple.SimpleObject" starting ...
18:21:18,121 (main) DEBUG [DataNucleus.Enhancer] - Class "dom.simple.SimpleObject" doesnt implement the interface "javax.jdo.spi.PersistenceCapable" but is required
18:21:18,121 (main) DEBUG [DataNucleus.Enhancer] - Class "dom.simple.SimpleObject" doesnt have field "jdoFlags" but is required
18:21:18,121 (main) DEBUG [DataNucleus.Enhancer] - Class "dom.simple.SimpleObject" doesnt have field "jdoPersistenceCapableSuperclass" but is required
18:21:18,121 (main) DEBUG [DataNucleus.Enhancer] - Class "dom.simple.SimpleObject" doesnt have field "jdoInheritedFieldCount" but is required
18:21:18,121 (main) DEBUG [DataNucleus.Enhancer] - Class "dom.simple.SimpleObject" doesnt have field "jdoStateManager" but is required
18:21:18,121 (main) DEBUG [DataNucleus.Enhancer] - Class "dom.simple.SimpleObject" doesnt have field "jdoFieldNames" but is required
18:21:18,121 (main) DEBUG [DataNucleus.Enhancer] - Class "dom.simple.SimpleObject" doesnt have field "jdoFieldFlags" but is required
18:21:18,121 (main) DEBUG [DataNucleus.Enhancer] - Class "dom.simple.SimpleObject" doesnt have field "jdoFieldTypes" but is required
18:21:18,121 (main) DEBUG [DataNucleus.Enhancer] - Class "dom.simple.SimpleObject" doesnt have method "jdoIsTransactional" but is required
18:21:18,121 (main) DEBUG [DataNucleus.Enhancer] - Class "dom.simple.SimpleObject" doesnt have method "jdoGetObjectId" but is required
18:21:18,121 (main) DEBUG [DataNucleus.Enhancer] - Class "dom.simple.SimpleObject" doesnt have method "jdoGetPersistenceManager" but is required
18:21:18,121 (main) DEBUG [DataNucleus.Enhancer] - Class "dom.simple.SimpleObject" doesnt have method "jdoIsDirty" but is required
18:21:18,121 (main) DEBUG [DataNucleus.Enhancer] - Class "dom.simple.SimpleObject" doesnt have method "jdoIsDetached" but is required
18:21:18,121 (main) DEBUG [DataNucleus.Enhancer] - Class "dom.simple.SimpleObject" doesnt have method "jdoNewObjectIdInstance" but is required
18:21:18,121 (main) DEBUG [DataNucleus.Enhancer] - Class "dom.simple.SimpleObject" doesnt have method "jdoNewObjectIdInstance" but is required
18:21:18,121 (main) DEBUG [DataNucleus.Enhancer] - Class "dom.simple.SimpleObject" doesnt have method "jdoCopyFields" but is required
18:21:18,121 (main) DEBUG [DataNucleus.Enhancer] - Class "dom.simple.SimpleObject" doesnt have method "jdoIsDeleted" but is required
18:21:18,121 (main) DEBUG [DataNucleus.Enhancer] - Class "dom.simple.SimpleObject" doesnt have method "jdoNewInstance" but is required
18:21:18,121 (main) DEBUG [DataNucleus.Enhancer] - Class "dom.simple.SimpleObject" doesnt have method "jdoNewInstance" but is required
18:21:18,121 (main) DEBUG [DataNucleus.Enhancer] - Class "dom.simple.SimpleObject" doesnt have method "jdoGetVersion" but is required
18:21:18,121 (main) DEBUG [DataNucleus.Enhancer] - Class "dom.simple.SimpleObject" doesnt have method "jdoProvideField" but is required
18:21:18,121 (main) DEBUG [DataNucleus.Enhancer] - Class "dom.simple.SimpleObject" doesnt have method "jdoGetManagedFieldCount" but is required
18:21:18,121 (main) DEBUG [DataNucleus.Enhancer] - Class "dom.simple.SimpleObject" doesnt have method "jdoReplaceField" but is required
18:21:18,121 (main) DEBUG [DataNucleus.Enhancer] - Class "dom.simple.SimpleObject" doesnt have method "jdoCopyField" but is required
18:21:18,121 (main) DEBUG [DataNucleus.Enhancer] - Class "dom.simple.SimpleObject" doesnt have method "jdoProvideFields" but is required
18:21:18,121 (main) DEBUG [DataNucleus.Enhancer] - Class "dom.simple.SimpleObject" doesnt have method "jdoCopyKeyFieldsFromObjectId" but is required
18:21:18,121 (main) DEBUG [DataNucleus.Enhancer] - Class "dom.simple.SimpleObject" doesnt have method "jdoCopyKeyFieldsFromObjectId" but is required
18:21:18,121 (main) DEBUG [DataNucleus.Enhancer] - Class "dom.simple.SimpleObject" doesnt have method "jdoSuperClone" but is required
18:21:18,121 (main) DEBUG [DataNucleus.Enhancer] - Class "dom.simple.SimpleObject" doesnt have method "__jdoGetInheritedFieldCount" but is required
18:21:18,121 (main) DEBUG [DataNucleus.Enhancer] - Class "dom.simple.SimpleObject" doesnt have method "__jdoFieldTypesInit" but is required
18:21:18,121 (main) DEBUG [DataNucleus.Enhancer] - Class "dom.simple.SimpleObject" doesnt have method "jdoReplaceFlags" but is required
18:21:18,121 (main) DEBUG [DataNucleus.Enhancer] - Class "dom.simple.SimpleObject" doesnt have method "___jdo$loadClass" but is required
18:21:18,121 (main) DEBUG [DataNucleus.Enhancer] - Class "dom.simple.SimpleObject" doesnt have method "jdoMakeDirty" but is required
18:21:18,121 (main) DEBUG [DataNucleus.Enhancer] - Class "dom.simple.SimpleObject" doesnt have method "jdoGetTransactionalObjectId" but is required
18:21:18,121 (main) DEBUG [DataNucleus.Enhancer] - Class "dom.simple.SimpleObject" doesnt have method "__jdoFieldNamesInit" but is required
18:21:18,121 (main) DEBUG [DataNucleus.Enhancer] - Class "dom.simple.SimpleObject" doesnt have method "jdoIsNew" but is required
18:21:18,121 (main) DEBUG [DataNucleus.Enhancer] - Class "dom.simple.SimpleObject" doesnt have method "jdoReplaceStateManager" but is required
18:21:18,121 (main) DEBUG [DataNucleus.Enhancer] - Class "dom.simple.SimpleObject" doesnt have method "__jdoFieldFlagsInit" but is required
18:21:18,121 (main) DEBUG [DataNucleus.Enhancer] - Class "dom.simple.SimpleObject" doesnt have method "jdoPreSerialize" but is required
18:21:18,121 (main) DEBUG [DataNucleus.Enhancer] - Class "dom.simple.SimpleObject" doesnt have method "jdoIsPersistent" but is required
18:21:18,121 (main) DEBUG [DataNucleus.Enhancer] - Class "dom.simple.SimpleObject" doesnt have method "jdoReplaceFields" but is required
18:21:18,121 (main) DEBUG [DataNucleus.Enhancer] - Class "dom.simple.SimpleObject" doesnt have method "jdoCopyKeyFieldsToObjectId" but is required
18:21:18,121 (main) DEBUG [DataNucleus.Enhancer] - Class "dom.simple.SimpleObject" doesnt have method "jdoCopyKeyFieldsToObjectId" but is required
18:21:18,121 (main) DEBUG [DataNucleus.Enhancer] - Class "dom.simple.SimpleObject" doesnt have method "__jdoPersistenceCapableSuperclassInit" but is required
18:21:18,136 (main) DEBUG [DataNucleus.Enhancer] - Adding interface: javax.jdo.spi.PersistenceCapable
18:21:18,136 (main) DEBUG [DataNucleus.Enhancer] - Adding method "java.lang.String jdoGetname()"
18:21:18,136 (main) DEBUG [DataNucleus.Enhancer] - Adding method "void jdoSetname(class java.lang.String val)"
18:21:18,152 (main) DEBUG [DataNucleus.Enhancer] - Adding field "javax.jdo.spi.StateManager jdoStateManager"
18:21:18,152 (main) DEBUG [DataNucleus.Enhancer] - Adding field "byte jdoFlags"
18:21:18,152 (main) DEBUG [DataNucleus.Enhancer] - Adding field "[B jdoFieldFlags"
18:21:18,152 (main) DEBUG [DataNucleus.Enhancer] - Adding field "java.lang.Class jdoPersistenceCapableSuperclass"
18:21:18,152 (main) DEBUG [DataNucleus.Enhancer] - Adding field "[Ljava.lang.Class; jdoFieldTypes"
18:21:18,152 (main) DEBUG [DataNucleus.Enhancer] - Adding field "[Ljava.lang.String; jdoFieldNames"
18:21:18,152 (main) DEBUG [DataNucleus.Enhancer] - Adding field "int jdoInheritedFieldCount"
18:21:18,152 (main) DEBUG [DataNucleus.Enhancer] - Adding method "void <clinit>()"
18:21:18,152 (main) DEBUG [DataNucleus.Enhancer] - Adding method "void jdoCopyKeyFieldsFromObjectId(interface javax.jdo.spi.PersistenceCapable$ObjectIdFieldConsumer fc, class java.lang.Object oid)"
18:21:18,152 (main) DEBUG [DataNucleus.Enhancer] - Adding method "void jdoCopyKeyFieldsFromObjectId(class java.lang.Object oid)"
18:21:18,152 (main) DEBUG [DataNucleus.Enhancer] - Adding method "void jdoCopyKeyFieldsToObjectId(class java.lang.Object oid)"
18:21:18,152 (main) DEBUG [DataNucleus.Enhancer] - Adding method "void jdoCopyKeyFieldsToObjectId(interface javax.jdo.spi.PersistenceCapable$ObjectIdFieldSupplier fs, class java.lang.Object oid)"
18:21:18,152 (main) DEBUG [DataNucleus.Enhancer] - Adding method "java.lang.Object jdoGetObjectId()"
18:21:18,152 (main) DEBUG [DataNucleus.Enhancer] - Adding method "java.lang.Object jdoGetVersion()"
18:21:18,152 (main) DEBUG [DataNucleus.Enhancer] - Adding method "void jdoPreSerialize()"
18:21:18,152 (main) DEBUG [DataNucleus.Enhancer] - Adding method "javax.jdo.PersistenceManager jdoGetPersistenceManager()"
18:21:18,152 (main) DEBUG [DataNucleus.Enhancer] - Adding method "java.lang.Object jdoGetTransactionalObjectId()"
18:21:18,152 (main) DEBUG [DataNucleus.Enhancer] - Adding method "boolean jdoIsDeleted()"
18:21:18,152 (main) DEBUG [DataNucleus.Enhancer] - Adding method "boolean jdoIsDirty()"
18:21:18,152 (main) DEBUG [DataNucleus.Enhancer] - Adding method "boolean jdoIsNew()"
18:21:18,152 (main) DEBUG [DataNucleus.Enhancer] - Adding method "boolean jdoIsPersistent()"
18:21:18,152 (main) DEBUG [DataNucleus.Enhancer] - Adding method "boolean jdoIsTransactional()"
18:21:18,152 (main) DEBUG [DataNucleus.Enhancer] - Adding method "void jdoMakeDirty(class java.lang.String fieldName)"
18:21:18,152 (main) DEBUG [DataNucleus.Enhancer] - Adding method "java.lang.Object jdoNewObjectIdInstance()"
18:21:18,152 (main) DEBUG [DataNucleus.Enhancer] - Adding method "java.lang.Object jdoNewObjectIdInstance(class java.lang.Object key)"
18:21:18,152 (main) DEBUG [DataNucleus.Enhancer] - Adding method "void jdoProvideFields(class [I indices)"
18:21:18,152 (main) DEBUG [DataNucleus.Enhancer] - Adding method "void jdoReplaceFields(class [I indices)"
18:21:18,152 (main) DEBUG [DataNucleus.Enhancer] - Adding method "void jdoReplaceFlags()"
18:21:18,152 (main) DEBUG [DataNucleus.Enhancer] - Adding method "void jdoReplaceStateManager(interface javax.jdo.spi.StateManager sm)"
18:21:18,152 (main) DEBUG [DataNucleus.Enhancer] - Adding method "boolean jdoIsDetached()"
18:21:18,152 (main) DEBUG [DataNucleus.Enhancer] - Adding method "javax.jdo.spi.PersistenceCapable jdoNewInstance(interface javax.jdo.spi.StateManager sm)"
18:21:18,152 (main) DEBUG [DataNucleus.Enhancer] - Adding method "javax.jdo.spi.PersistenceCapable jdoNewInstance(interface javax.jdo.spi.StateManager sm, class java.lang.Object obj)"
18:21:18,152 (main) DEBUG [DataNucleus.Enhancer] - Adding method "void jdoReplaceField(int index)"
18:21:18,152 (main) DEBUG [DataNucleus.Enhancer] - Adding method "void jdoProvideField(int index)"
18:21:18,152 (main) DEBUG [DataNucleus.Enhancer] - Adding method "void jdoCopyField(class dom.simple.SimpleObject obj, int index)"
18:21:18,152 (main) DEBUG [DataNucleus.Enhancer] - Adding method "void jdoCopyFields(class java.lang.Object obj, class [I indices)"
18:21:18,152 (main) DEBUG [DataNucleus.Enhancer] - Adding method "[Ljava.lang.String; __jdoFieldNamesInit()"
18:21:18,152 (main) DEBUG [DataNucleus.Enhancer] - Adding method "[Ljava.lang.Class; __jdoFieldTypesInit()"
18:21:18,152 (main) DEBUG [DataNucleus.Enhancer] - Adding method "[B __jdoFieldFlagsInit()"
18:21:18,152 (main) DEBUG [DataNucleus.Enhancer] - Adding method "int __jdoGetInheritedFieldCount()"
18:21:18,152 (main) DEBUG [DataNucleus.Enhancer] - Adding method "int jdoGetManagedFieldCount()"
18:21:18,152 (main) DEBUG [DataNucleus.Enhancer] - Adding method "java.lang.Class __jdoPersistenceCapableSuperclassInit()"
18:21:18,152 (main) DEBUG [DataNucleus.Enhancer] - Adding method "java.lang.Class ___jdo$loadClass(class java.lang.String className)"
18:21:18,152 (main) DEBUG [DataNucleus.Enhancer] - Adding method "java.lang.Object jdoSuperClone()"
18:21:18,152 (main) INFO  [DataNucleus.Enhancer] - Writing class file "D:\Maven-folderstructure\Phonepay\recharge\dom\target\classes\dom\simple\SimpleObject.class" with enhanced definition
18:21:18,152 (main) INFO  [DataNucleus.Enhancer] - ENHANCED (PersistenceCapable) : dom.simple.SimpleObject
18:21:18,152 (main) DEBUG [DataNucleus.Enhancer] - Enhance of class "dom.simple.SimpleObject" completed
18:21:18,168 (main) INFO  [DataNucleus.Enhancer] - DataNucleus Enhancer completed with success for 1 classes. Timings : input=125 ms, enhance=94 ms, total=219 ms. Consult the log for full details
18:24:37,655 (main) DEBUG [DataNucleus.General] - Using PluginRegistry org.datanucleus.plugin.NonManagedPluginRegistry
18:24:37,702 (main) DEBUG [DataNucleus.General] - Registering bundle org.datanucleus version 3.2.11 at URL file:/C:/Users/PC/.m2/repository/org/datanucleus/datanucleus-core/3.2.11/datanucleus-core-3.2.11.jar.
18:24:37,858 (main) DEBUG [DataNucleus.General] - Loading extension points from plug-in file jar:file:/C:/Users/PC/.m2/repository/org/datanucleus/datanucleus-core/3.2.11/datanucleus-core-3.2.11.jar!/plugin.xml.
18:24:37,889 (main) DEBUG [DataNucleus.General] - Loading extensions from plug-in file jar:file:/C:/Users/PC/.m2/repository/org/datanucleus/datanucleus-core/3.2.11/datanucleus-core-3.2.11.jar!/plugin.xml.
18:24:37,889 (main) DEBUG [DataNucleus.General] - Registering bundle org.datanucleus.api.jdo version 3.2.7 at URL file:/C:/Users/PC/.m2/repository/org/datanucleus/datanucleus-api-jdo/3.2.7/datanucleus-api-jdo-3.2.7.jar.
18:24:37,905 (main) DEBUG [DataNucleus.General] - Loading extension points from plug-in file jar:file:/C:/Users/PC/.m2/repository/org/datanucleus/datanucleus-api-jdo/3.2.7/datanucleus-api-jdo-3.2.7.jar!/plugin.xml.
18:24:37,905 (main) DEBUG [DataNucleus.General] - Loading extensions from plug-in file jar:file:/C:/Users/PC/.m2/repository/org/datanucleus/datanucleus-api-jdo/3.2.7/datanucleus-api-jdo-3.2.7.jar!/plugin.xml.
18:24:37,905 (main) DEBUG [DataNucleus.General] - Registering bundle org.sonatype.inject version 2.3.0 at URL file:/C:/Users/PC/.m2/repository/org/sonatype/sisu/sisu-inject-bean/2.3.0/sisu-inject-bean-2.3.0.jar.
18:24:37,920 (main) DEBUG [DataNucleus.General] - Loading extension points from plug-in file jar:file:/C:/Users/PC/.m2/repository/org/sonatype/sisu/sisu-inject-bean/2.3.0/sisu-inject-bean-2.3.0.jar!/plugin.xml.
18:24:37,920 (main) DEBUG [DataNucleus.General] - Loading extensions from plug-in file jar:file:/C:/Users/PC/.m2/repository/org/sonatype/sisu/sisu-inject-bean/2.3.0/sisu-inject-bean-2.3.0.jar!/plugin.xml.
18:24:37,920 (main) DEBUG [DataNucleus.General] - Registering bundle org.datanucleus.jdo.query version 3.0.2 at URL file:/C:/Users/PC/.m2/repository/org/datanucleus/datanucleus-jdo-query/3.0.2/datanucleus-jdo-query-3.0.2.jar.
18:24:37,920 (main) DEBUG [DataNucleus.General] - Loading extension points from plug-in file jar:file:/C:/Users/PC/.m2/repository/org/datanucleus/datanucleus-jdo-query/3.0.2/datanucleus-jdo-query-3.0.2.jar!/plugin.xml.
18:24:37,920 (main) DEBUG [DataNucleus.General] - Loading extensions from plug-in file jar:file:/C:/Users/PC/.m2/repository/org/datanucleus/datanucleus-jdo-query/3.0.2/datanucleus-jdo-query-3.0.2.jar!/plugin.xml.
18:24:37,920 (main) DEBUG [DataNucleus.General] - Registering bundle org.datanucleus.store.types.jodatime version 3.2.1 at URL file:/C:/Users/PC/.m2/repository/org/datanucleus/datanucleus-jodatime/3.2.1/datanucleus-jodatime-3.2.1.jar.
18:24:37,920 (main) DEBUG [DataNucleus.General] - Loading extension points from plug-in file jar:file:/C:/Users/PC/.m2/repository/org/datanucleus/datanucleus-jodatime/3.2.1/datanucleus-jodatime-3.2.1.jar!/plugin.xml.
18:24:37,920 (main) DEBUG [DataNucleus.General] - Loading extensions from plug-in file jar:file:/C:/Users/PC/.m2/repository/org/datanucleus/datanucleus-jodatime/3.2.1/datanucleus-jodatime-3.2.1.jar!/plugin.xml.
18:24:37,920 (main) DEBUG [DataNucleus.General] - Registering bundle org.datanucleus.store.rdbms version 3.2.10 at URL file:/C:/Users/PC/.m2/repository/org/datanucleus/datanucleus-rdbms/3.2.10/datanucleus-rdbms-3.2.10.jar.
18:24:37,952 (main) DEBUG [DataNucleus.General] - Loading extension points from plug-in file jar:file:/C:/Users/PC/.m2/repository/org/datanucleus/datanucleus-rdbms/3.2.10/datanucleus-rdbms-3.2.10.jar!/plugin.xml.
18:24:37,952 (main) DEBUG [DataNucleus.General] - Loading extensions from plug-in file jar:file:/C:/Users/PC/.m2/repository/org/datanucleus/datanucleus-rdbms/3.2.10/datanucleus-rdbms-3.2.10.jar!/plugin.xml.
18:24:37,998 (main) DEBUG [DataNucleus.Persistence] - Java types support initialising ...
18:24:37,998 (main) DEBUG [DataNucleus.Persistence] - Not enabling java type support for javax.time.calendar.LocalDate : java type not present in CLASSPATH
18:24:37,998 (main) DEBUG [DataNucleus.Persistence] - Not enabling java type support for javax.time.calendar.LocalDateTime : java type not present in CLASSPATH
18:24:37,998 (main) DEBUG [DataNucleus.Persistence] - Not enabling java type support for javax.time.calendar.LocalTime : java type not present in CLASSPATH
18:24:38,061 (main) DEBUG [DataNucleus.Persistence] - Java types support loaded : supported java types=java.awt.Color, java.lang.Float, [Ljava.lang.Integer;, java.sql.Time, java.util.SortedSet, java.net.URL, java.util.Date, java.util.PriorityQueue, float, [Ljava.lang.Character;, [Ljava.lang.Double;, java.lang.Integer, java.math.BigDecimal, java.util.Vector, java.lang.Character, java.lang.Enum, java.lang.Long, java.lang.Short, java.util.Locale, java.util.Map, java.math.BigInteger, java.net.URI, java.lang.Byte, java.util.GregorianCalendar, java.awt.image.BufferedImage, byte, double, java.util.TimeZone, java.sql.Timestamp, java.util.Collection, java.util.Set, java.util.UUID, [Ljava.lang.String;, java.util.List, [Ljava.lang.Short;, java.lang.StringBuilder, java.util.Queue, java.util.SortedMap, [Ljava.lang.Enum;, [Ljava.lang.Boolean;, java.lang.Double, [Ljava.util.Date;, [B, [C, org.joda.time.LocalTime, org.joda.time.Duration, [D, java.util.HashMap, java.util.Currency, [F, long, java.util.Stack, java.util.TreeSet, [I, java.util.ArrayList, [J, java.util.HashSet, java.util.LinkedHashMap, org.joda.time.Interval, java.util.Calendar, java.lang.StringBuffer, [S, [Ljava.math.BigInteger;, java.lang.Boolean, [Ljava.lang.Number;, java.lang.String, [Ljava.math.BigDecimal;, java.lang.Number, java.util.LinkedList, java.util.Hashtable, java.util.LinkedHashSet, [Z, org.joda.time.Period, [Ljava.lang.Float;, java.util.Properties, [Ljava.lang.Byte;, org.joda.time.DateTime, [Ljava.util.Locale;, int, java.sql.Date, org.joda.time.LocalDate, boolean, java.util.TreeMap, [Ljava.lang.Long;, char, short, java.lang.Class, java.util.BitSet, java.util.Arrays$ArrayList
18:24:38,076 (main) DEBUG [DataNucleus.Persistence] - Type converter support initialising ...
18:24:38,076 (main) DEBUG [DataNucleus.Persistence] - Added converter for java.math.BigDecimal<->java.lang.String using org.datanucleus.store.types.converters.BigDecimalStringConverter
18:24:38,076 (main) DEBUG [DataNucleus.Persistence] - Added converter for java.math.BigInteger<->java.lang.String using org.datanucleus.store.types.converters.BigIntegerStringConverter
18:24:38,076 (main) DEBUG [DataNucleus.Persistence] - Added converter for java.util.BitSet<->java.lang.String using org.datanucleus.store.types.converters.BitSetStringConverter
18:24:38,076 (main) DEBUG [DataNucleus.Persistence] - Added converter for java.util.Calendar<->java.lang.String using org.datanucleus.store.types.converters.CalendarStringConverter
18:24:38,076 (main) DEBUG [DataNucleus.Persistence] - Added converter for java.lang.Class<->java.lang.String using org.datanucleus.store.types.converters.ClassStringConverter
18:24:38,076 (main) DEBUG [DataNucleus.Persistence] - Added converter for java.awt.Color<->java.lang.String using org.datanucleus.store.types.converters.ColorStringConverter
18:24:38,076 (main) DEBUG [DataNucleus.Persistence] - Added converter for java.lang.Integer<->java.lang.String using org.datanucleus.store.types.converters.IntegerStringConverter
18:24:38,076 (main) DEBUG [DataNucleus.Persistence] - Added converter for java.lang.Long<->java.lang.String using org.datanucleus.store.types.converters.LongStringConverter
18:24:38,076 (main) DEBUG [DataNucleus.Persistence] - Added converter for java.util.Currency<->java.lang.String using org.datanucleus.store.types.converters.CurrencyStringConverter
18:24:38,076 (main) DEBUG [DataNucleus.Persistence] - Added converter for java.util.Date<->java.lang.Long using org.datanucleus.store.types.converters.DateLongConverter
18:24:38,076 (main) DEBUG [DataNucleus.Persistence] - Added converter for java.util.Date<->java.lang.String using org.datanucleus.store.types.converters.DateStringConverter
18:24:38,076 (main) DEBUG [DataNucleus.Persistence] - Added converter for java.util.Locale<->java.lang.String using org.datanucleus.store.types.converters.LocaleStringConverter
18:24:38,076 (main) DEBUG [DataNucleus.Persistence] - Added converter for java.sql.Date<->java.lang.Long using org.datanucleus.store.types.converters.SqlDateLongConverter
18:24:38,092 (main) DEBUG [DataNucleus.Persistence] - Added converter for java.sql.Date<->java.lang.String using org.datanucleus.store.types.converters.SqlDateStringConverter
18:24:38,092 (main) DEBUG [DataNucleus.Persistence] - Added converter for java.sql.Time<->java.lang.Long using org.datanucleus.store.types.converters.SqlTimeLongConverter
18:24:38,092 (main) DEBUG [DataNucleus.Persistence] - Added converter for java.sql.Time<->java.lang.String using org.datanucleus.store.types.converters.SqlTimeStringConverter
18:24:38,092 (main) DEBUG [DataNucleus.Persistence] - Added converter for java.sql.Timestamp<->java.lang.Long using org.datanucleus.store.types.converters.SqlTimestampLongConverter
18:24:38,092 (main) DEBUG [DataNucleus.Persistence] - Added converter for java.lang.StringBuffer<->java.lang.String using org.datanucleus.store.types.converters.StringBufferStringConverter
18:24:38,092 (main) DEBUG [DataNucleus.Persistence] - Added converter for java.lang.StringBuilder<->java.lang.String using org.datanucleus.store.types.converters.StringBuilderStringConverter
18:24:38,092 (main) DEBUG [DataNucleus.Persistence] - Added converter for java.util.TimeZone<->java.lang.String using org.datanucleus.store.types.converters.TimeZoneStringConverter
18:24:38,092 (main) DEBUG [DataNucleus.Persistence] - Added converter for java.net.URI<->java.lang.String using org.datanucleus.store.types.converters.URIStringConverter
18:24:38,092 (main) DEBUG [DataNucleus.Persistence] - Added converter for java.net.URL<->java.lang.String using org.datanucleus.store.types.converters.URLStringConverter
18:24:38,092 (main) DEBUG [DataNucleus.Persistence] - Added converter for java.util.UUID<->java.lang.String using org.datanucleus.store.types.converters.UUIDStringConverter
18:24:38,092 (main) DEBUG [DataNucleus.Persistence] - TypeConverter for javax.time.calendar.LocalDate<->java.lang.String ignored since java type not present in CLASSPATH
18:24:38,092 (main) DEBUG [DataNucleus.Persistence] - TypeConverter for javax.time.calendar.LocalTime<->java.lang.String ignored since java type not present in CLASSPATH
18:24:38,092 (main) DEBUG [DataNucleus.Persistence] - TypeConverter for javax.time.calendar.LocalTime<->java.lang.Long ignored since java type not present in CLASSPATH
18:24:38,092 (main) DEBUG [DataNucleus.Persistence] - TypeConverter for javax.time.calendar.LocalDateTime<->java.lang.String ignored since java type not present in CLASSPATH
18:24:38,092 (main) DEBUG [DataNucleus.Persistence] - Added converter for java.io.Serializable<->java.lang.String using org.datanucleus.store.types.converters.SerializableStringConverter
18:24:38,092 (main) DEBUG [DataNucleus.Persistence] - Added converter for java.io.Serializable<->[B using org.datanucleus.store.types.converters.SerializableByteArrayConverter
18:24:38,108 (main) DEBUG [DataNucleus.Persistence] - Added converter for org.joda.time.DateTime<->java.lang.String using org.datanucleus.store.types.converters.JodaDateTimeStringConverter
18:24:38,108 (main) DEBUG [DataNucleus.Persistence] - Added converter for org.joda.time.Duration<->java.lang.String using org.datanucleus.store.types.converters.JodaDurationStringConverter
18:24:38,108 (main) DEBUG [DataNucleus.Persistence] - Added converter for org.joda.time.Interval<->java.lang.String using org.datanucleus.store.types.converters.JodaIntervalStringConverter
18:24:38,108 (main) DEBUG [DataNucleus.Persistence] - Added converter for org.joda.time.LocalDate<->java.lang.String using org.datanucleus.store.types.converters.JodaLocalDateStringConverter
18:24:38,108 (main) DEBUG [DataNucleus.Persistence] - Added converter for org.joda.time.LocalTime<->java.lang.String using org.datanucleus.store.types.converters.JodaLocalTimeStringConverter
18:24:38,108 (main) DEBUG [DataNucleus.Persistence] - Added converter for org.joda.time.Period<->java.lang.String using org.datanucleus.store.types.converters.JodaPeriodStringConverter
18:24:38,108 (main) DEBUG [DataNucleus.Persistence] - Type converter support loaded
18:24:38,108 (main) DEBUG [DataNucleus.MetaData] - MetaDataManager : Input=(XML,Annotations), XML-Validation=false, XML-Suffices=(persistence=*.jdo, orm=orm, query=*.jdoquery), JDO-listener=false
18:24:38,108 (main) INFO  [DataNucleus.Enhancer] - DataNucleus Enhancer (version 3.2.11) for API "JDO" using JRE "1.8"
18:24:38,108 (main) DEBUG [DataNucleus.Enhancer] - DataNucleus Enhancer : Classpath
18:24:38,108 (main) DEBUG [DataNucleus.Enhancer] - >>  C:\Program Files\Maven\apache-maven-3.8.3\boot\plexus-classworlds-2.6.0.jar
18:24:38,123 (main) DEBUG [DataNucleus.Enhancer] - Enhancing classes for JRE=1.8 with stackmap-frames=true
18:24:38,139 (main) DEBUG [DataNucleus.MetaData] - MetaData Management : Loading Metadata for classes "[dom.simple.QSimpleObject, dom.simple.SimpleObject, dom.simple.SimpleObjects]" ...
18:24:38,155 (main) DEBUG [DataNucleus.MetaData] - MetaData of type "jdo" for class "dom.simple.QSimpleObject" NOT found at /META-INF/package.jdo
18:24:38,155 (main) DEBUG [DataNucleus.MetaData] - MetaData of type "jdo" for class "dom.simple.QSimpleObject" NOT found at /WEB-INF/package.jdo
18:24:38,155 (main) DEBUG [DataNucleus.MetaData] - MetaData of type "jdo" for class "dom.simple.QSimpleObject" NOT found at /package.jdo
18:24:38,155 (main) DEBUG [DataNucleus.MetaData] - MetaData of type "jdo" for class "dom.simple.QSimpleObject" NOT found at /dom/package.jdo
18:24:38,155 (main) DEBUG [DataNucleus.MetaData] - MetaData of type "jdo" for class "dom.simple.QSimpleObject" NOT found at /dom.jdo
18:24:38,155 (main) DEBUG [DataNucleus.MetaData] - MetaData of type "jdo" for class "dom.simple.QSimpleObject" NOT found at /dom/simple/package.jdo
18:24:38,155 (main) DEBUG [DataNucleus.MetaData] - MetaData of type "jdo" for class "dom.simple.QSimpleObject" NOT found at /dom/simple.jdo
18:24:38,155 (main) DEBUG [DataNucleus.MetaData] - MetaData of type "jdo" for class "dom.simple.QSimpleObject" NOT found at /dom/simple/QSimpleObject.jdo
18:24:38,155 (main) DEBUG [DataNucleus.MetaData] - MetaData of type "jdo" for class "dom.simple.QSimpleObject" not found
18:24:38,155 (main) DEBUG [DataNucleus.MetaData] - Registering class "dom.simple.QSimpleObject" as not having MetaData.
18:24:38,155 (main) DEBUG [DataNucleus.MetaData] - Class "dom.simple.QSimpleObject" has no MetaData or annotations.
18:24:38,233 (main) DEBUG [DataNucleus.MetaData] - Class "dom.simple.SimpleObject" has been specified with JDO annotations so using those.
18:24:38,264 (main) DEBUG [DataNucleus.MetaData] - MetaData of type "jdo" for class "dom.simple.SimpleObjects" NOT found at /META-INF/package.jdo
18:24:38,264 (main) DEBUG [DataNucleus.MetaData] - MetaData of type "jdo" for class "dom.simple.SimpleObjects" NOT found at /WEB-INF/package.jdo
18:24:38,264 (main) DEBUG [DataNucleus.MetaData] - MetaData of type "jdo" for class "dom.simple.SimpleObjects" NOT found at /package.jdo
18:24:38,264 (main) DEBUG [DataNucleus.MetaData] - MetaData of type "jdo" for class "dom.simple.SimpleObjects" NOT found at /dom/package.jdo
18:24:38,264 (main) DEBUG [DataNucleus.MetaData] - MetaData of type "jdo" for class "dom.simple.SimpleObjects" NOT found at /dom.jdo
18:24:38,264 (main) DEBUG [DataNucleus.MetaData] - MetaData of type "jdo" for class "dom.simple.SimpleObjects" NOT found at /dom/simple/package.jdo
18:24:38,264 (main) DEBUG [DataNucleus.MetaData] - MetaData of type "jdo" for class "dom.simple.SimpleObjects" NOT found at /dom/simple.jdo
18:24:38,264 (main) DEBUG [DataNucleus.MetaData] - MetaData of type "jdo" for class "dom.simple.SimpleObjects" NOT found at /dom/simple/SimpleObjects.jdo
18:24:38,264 (main) DEBUG [DataNucleus.MetaData] - MetaData of type "jdo" for class "dom.simple.SimpleObjects" not found
18:24:38,264 (main) DEBUG [DataNucleus.MetaData] - Registering class "dom.simple.SimpleObjects" as not having MetaData.
18:24:38,264 (main) DEBUG [DataNucleus.MetaData] - Class "dom.simple.SimpleObjects" has no MetaData or annotations.
18:24:38,264 (main) DEBUG [DataNucleus.MetaData] - Populating all MetaData ...
18:24:38,264 (main) DEBUG [DataNucleus.MetaData] - Class "dom.simple.SimpleObject" : Populating Meta-Data
18:24:38,264 (main) DEBUG [DataNucleus.MetaData] - Class "dom.simple.SimpleObject" field "container" : Adding Meta-Data for field since it didnt appear in the Meta-Data definition.
18:24:38,264 (main) DEBUG [DataNucleus.MetaData] - MetaData of type "jdo" for class "org.apache.isis.applib.DomainObjectContainer" NOT found at /META-INF/package.jdo
18:24:38,264 (main) DEBUG [DataNucleus.MetaData] - MetaData of type "jdo" for class "org.apache.isis.applib.DomainObjectContainer" NOT found at /WEB-INF/package.jdo
18:24:38,280 (main) DEBUG [DataNucleus.MetaData] - MetaData of type "jdo" for class "org.apache.isis.applib.DomainObjectContainer" NOT found at /package.jdo
18:24:38,280 (main) DEBUG [DataNucleus.MetaData] - MetaData of type "jdo" for class "org.apache.isis.applib.DomainObjectContainer" NOT found at /org/package.jdo
18:24:38,280 (main) DEBUG [DataNucleus.MetaData] - MetaData of type "jdo" for class "org.apache.isis.applib.DomainObjectContainer" NOT found at /org.jdo
18:24:38,280 (main) DEBUG [DataNucleus.MetaData] - MetaData of type "jdo" for class "org.apache.isis.applib.DomainObjectContainer" NOT found at /org/apache/package.jdo
18:24:38,280 (main) DEBUG [DataNucleus.MetaData] - MetaData of type "jdo" for class "org.apache.isis.applib.DomainObjectContainer" NOT found at /org/apache.jdo
18:24:38,280 (main) DEBUG [DataNucleus.MetaData] - MetaData of type "jdo" for class "org.apache.isis.applib.DomainObjectContainer" NOT found at /org/apache/isis/package.jdo
18:24:38,280 (main) DEBUG [DataNucleus.MetaData] - MetaData of type "jdo" for class "org.apache.isis.applib.DomainObjectContainer" NOT found at /org/apache/isis.jdo
18:24:38,280 (main) DEBUG [DataNucleus.MetaData] - MetaData of type "jdo" for class "org.apache.isis.applib.DomainObjectContainer" NOT found at /org/apache/isis/applib/package.jdo
18:24:38,280 (main) DEBUG [DataNucleus.MetaData] - MetaData of type "jdo" for class "org.apache.isis.applib.DomainObjectContainer" NOT found at /org/apache/isis/applib.jdo
18:24:38,280 (main) DEBUG [DataNucleus.MetaData] - MetaData of type "jdo" for class "org.apache.isis.applib.DomainObjectContainer" NOT found at /org/apache/isis/applib/DomainObjectContainer.jdo
18:24:38,280 (main) DEBUG [DataNucleus.MetaData] - MetaData of type "jdo" for class "org.apache.isis.applib.DomainObjectContainer" not found
18:24:38,280 (main) DEBUG [DataNucleus.MetaData] - Registering class "org.apache.isis.applib.DomainObjectContainer" as not having MetaData.
18:24:38,280 (main) DEBUG [DataNucleus.MetaData] - Initialising all MetaData ...
18:24:38,280 (main) DEBUG [DataNucleus.MetaData] - Class "dom.simple.SimpleObject" : Initialising Meta-Data
18:24:38,280 (main) DEBUG [DataNucleus.MetaData] - MetaData Management : Load of Metadata complete
18:24:38,295 (main) DEBUG [DataNucleus.Enhancer] - Enhance of class "dom.simple.SimpleObject" starting ...
18:24:38,342 (main) INFO  [DataNucleus.Enhancer] - Class "dom.simple.SimpleObject" is already enhanced.
18:24:38,342 (main) INFO  [DataNucleus.Enhancer] - ENHANCED (PersistenceCapable) : dom.simple.SimpleObject
18:24:38,342 (main) DEBUG [DataNucleus.Enhancer] - Enhance of class "dom.simple.SimpleObject" completed
18:24:38,358 (main) INFO  [DataNucleus.Enhancer] - DataNucleus Enhancer completed with success for 1 classes. Timings : input=157 ms, enhance=62 ms, total=219 ms. Consult the log for full details
18:27:41,619 (main) DEBUG [DataNucleus.General] - Using PluginRegistry org.datanucleus.plugin.NonManagedPluginRegistry
18:27:41,650 (main) DEBUG [DataNucleus.General] - Registering bundle org.datanucleus version 3.2.11 at URL file:/C:/Users/PC/.m2/repository/org/datanucleus/datanucleus-core/3.2.11/datanucleus-core-3.2.11.jar.
18:27:41,713 (main) DEBUG [DataNucleus.General] - Loading extension points from plug-in file jar:file:/C:/Users/PC/.m2/repository/org/datanucleus/datanucleus-core/3.2.11/datanucleus-core-3.2.11.jar!/plugin.xml.
18:27:41,760 (main) DEBUG [DataNucleus.General] - Loading extensions from plug-in file jar:file:/C:/Users/PC/.m2/repository/org/datanucleus/datanucleus-core/3.2.11/datanucleus-core-3.2.11.jar!/plugin.xml.
18:27:41,760 (main) DEBUG [DataNucleus.General] - Registering bundle org.datanucleus.api.jdo version 3.2.7 at URL file:/C:/Users/PC/.m2/repository/org/datanucleus/datanucleus-api-jdo/3.2.7/datanucleus-api-jdo-3.2.7.jar.
18:27:41,775 (main) DEBUG [DataNucleus.General] - Loading extension points from plug-in file jar:file:/C:/Users/PC/.m2/repository/org/datanucleus/datanucleus-api-jdo/3.2.7/datanucleus-api-jdo-3.2.7.jar!/plugin.xml.
18:27:41,775 (main) DEBUG [DataNucleus.General] - Loading extensions from plug-in file jar:file:/C:/Users/PC/.m2/repository/org/datanucleus/datanucleus-api-jdo/3.2.7/datanucleus-api-jdo-3.2.7.jar!/plugin.xml.
18:27:41,791 (main) DEBUG [DataNucleus.General] - Registering bundle org.sonatype.inject version 2.3.0 at URL file:/C:/Users/PC/.m2/repository/org/sonatype/sisu/sisu-inject-bean/2.3.0/sisu-inject-bean-2.3.0.jar.
18:27:41,791 (main) DEBUG [DataNucleus.General] - Loading extension points from plug-in file jar:file:/C:/Users/PC/.m2/repository/org/sonatype/sisu/sisu-inject-bean/2.3.0/sisu-inject-bean-2.3.0.jar!/plugin.xml.
18:27:41,791 (main) DEBUG [DataNucleus.General] - Loading extensions from plug-in file jar:file:/C:/Users/PC/.m2/repository/org/sonatype/sisu/sisu-inject-bean/2.3.0/sisu-inject-bean-2.3.0.jar!/plugin.xml.
18:27:41,791 (main) DEBUG [DataNucleus.General] - Registering bundle org.datanucleus.jdo.query version 3.0.2 at URL file:/C:/Users/PC/.m2/repository/org/datanucleus/datanucleus-jdo-query/3.0.2/datanucleus-jdo-query-3.0.2.jar.
18:27:41,807 (main) DEBUG [DataNucleus.General] - Loading extension points from plug-in file jar:file:/C:/Users/PC/.m2/repository/org/datanucleus/datanucleus-jdo-query/3.0.2/datanucleus-jdo-query-3.0.2.jar!/plugin.xml.
18:27:41,807 (main) DEBUG [DataNucleus.General] - Loading extensions from plug-in file jar:file:/C:/Users/PC/.m2/repository/org/datanucleus/datanucleus-jdo-query/3.0.2/datanucleus-jdo-query-3.0.2.jar!/plugin.xml.
18:27:41,807 (main) DEBUG [DataNucleus.General] - Registering bundle org.datanucleus.store.types.jodatime version 3.2.1 at URL file:/C:/Users/PC/.m2/repository/org/datanucleus/datanucleus-jodatime/3.2.1/datanucleus-jodatime-3.2.1.jar.
18:27:41,822 (main) DEBUG [DataNucleus.General] - Loading extension points from plug-in file jar:file:/C:/Users/PC/.m2/repository/org/datanucleus/datanucleus-jodatime/3.2.1/datanucleus-jodatime-3.2.1.jar!/plugin.xml.
18:27:41,822 (main) DEBUG [DataNucleus.General] - Loading extensions from plug-in file jar:file:/C:/Users/PC/.m2/repository/org/datanucleus/datanucleus-jodatime/3.2.1/datanucleus-jodatime-3.2.1.jar!/plugin.xml.
18:27:41,822 (main) DEBUG [DataNucleus.General] - Registering bundle org.datanucleus.store.rdbms version 3.2.10 at URL file:/C:/Users/PC/.m2/repository/org/datanucleus/datanucleus-rdbms/3.2.10/datanucleus-rdbms-3.2.10.jar.
18:27:41,853 (main) DEBUG [DataNucleus.General] - Loading extension points from plug-in file jar:file:/C:/Users/PC/.m2/repository/org/datanucleus/datanucleus-rdbms/3.2.10/datanucleus-rdbms-3.2.10.jar!/plugin.xml.
18:27:41,869 (main) DEBUG [DataNucleus.General] - Loading extensions from plug-in file jar:file:/C:/Users/PC/.m2/repository/org/datanucleus/datanucleus-rdbms/3.2.10/datanucleus-rdbms-3.2.10.jar!/plugin.xml.
18:27:41,900 (main) DEBUG [DataNucleus.Persistence] - Java types support initialising ...
18:27:41,900 (main) DEBUG [DataNucleus.Persistence] - Not enabling java type support for javax.time.calendar.LocalDate : java type not present in CLASSPATH
18:27:41,900 (main) DEBUG [DataNucleus.Persistence] - Not enabling java type support for javax.time.calendar.LocalDateTime : java type not present in CLASSPATH
18:27:41,900 (main) DEBUG [DataNucleus.Persistence] - Not enabling java type support for javax.time.calendar.LocalTime : java type not present in CLASSPATH
18:27:41,978 (main) DEBUG [DataNucleus.Persistence] - Java types support loaded : supported java types=java.awt.Color, java.lang.Float, [Ljava.lang.Integer;, java.sql.Time, java.util.SortedSet, java.net.URL, java.util.Date, java.util.PriorityQueue, float, [Ljava.lang.Character;, [Ljava.lang.Double;, java.lang.Integer, java.math.BigDecimal, java.util.Vector, java.lang.Character, java.lang.Enum, java.lang.Long, java.lang.Short, java.util.Locale, java.util.Map, java.math.BigInteger, java.net.URI, java.lang.Byte, java.util.GregorianCalendar, java.awt.image.BufferedImage, byte, double, java.util.TimeZone, java.sql.Timestamp, java.util.Collection, java.util.Set, java.util.UUID, [Ljava.lang.String;, java.util.List, [Ljava.lang.Short;, java.lang.StringBuilder, java.util.Queue, java.util.SortedMap, [Ljava.lang.Enum;, [Ljava.lang.Boolean;, java.lang.Double, [Ljava.util.Date;, [B, [C, org.joda.time.LocalTime, org.joda.time.Duration, [D, java.util.HashMap, java.util.Currency, [F, long, java.util.Stack, java.util.TreeSet, [I, java.util.ArrayList, [J, java.util.HashSet, java.util.LinkedHashMap, org.joda.time.Interval, java.util.Calendar, java.lang.StringBuffer, [S, [Ljava.math.BigInteger;, java.lang.Boolean, [Ljava.lang.Number;, java.lang.String, [Ljava.math.BigDecimal;, java.lang.Number, java.util.LinkedList, java.util.Hashtable, java.util.LinkedHashSet, [Z, org.joda.time.Period, [Ljava.lang.Float;, java.util.Properties, [Ljava.lang.Byte;, org.joda.time.DateTime, [Ljava.util.Locale;, int, java.sql.Date, org.joda.time.LocalDate, boolean, java.util.TreeMap, [Ljava.lang.Long;, char, short, java.lang.Class, java.util.BitSet, java.util.Arrays$ArrayList
18:27:41,978 (main) DEBUG [DataNucleus.Persistence] - Type converter support initialising ...
18:27:41,978 (main) DEBUG [DataNucleus.Persistence] - Added converter for java.math.BigDecimal<->java.lang.String using org.datanucleus.store.types.converters.BigDecimalStringConverter
18:27:41,978 (main) DEBUG [DataNucleus.Persistence] - Added converter for java.math.BigInteger<->java.lang.String using org.datanucleus.store.types.converters.BigIntegerStringConverter
18:27:41,978 (main) DEBUG [DataNucleus.Persistence] - Added converter for java.util.BitSet<->java.lang.String using org.datanucleus.store.types.converters.BitSetStringConverter
18:27:41,978 (main) DEBUG [DataNucleus.Persistence] - Added converter for java.util.Calendar<->java.lang.String using org.datanucleus.store.types.converters.CalendarStringConverter
18:27:41,978 (main) DEBUG [DataNucleus.Persistence] - Added converter for java.lang.Class<->java.lang.String using org.datanucleus.store.types.converters.ClassStringConverter
18:27:41,978 (main) DEBUG [DataNucleus.Persistence] - Added converter for java.awt.Color<->java.lang.String using org.datanucleus.store.types.converters.ColorStringConverter
18:27:41,978 (main) DEBUG [DataNucleus.Persistence] - Added converter for java.lang.Integer<->java.lang.String using org.datanucleus.store.types.converters.IntegerStringConverter
18:27:41,978 (main) DEBUG [DataNucleus.Persistence] - Added converter for java.lang.Long<->java.lang.String using org.datanucleus.store.types.converters.LongStringConverter
18:27:41,978 (main) DEBUG [DataNucleus.Persistence] - Added converter for java.util.Currency<->java.lang.String using org.datanucleus.store.types.converters.CurrencyStringConverter
18:27:41,978 (main) DEBUG [DataNucleus.Persistence] - Added converter for java.util.Date<->java.lang.Long using org.datanucleus.store.types.converters.DateLongConverter
18:27:41,978 (main) DEBUG [DataNucleus.Persistence] - Added converter for java.util.Date<->java.lang.String using org.datanucleus.store.types.converters.DateStringConverter
18:27:41,978 (main) DEBUG [DataNucleus.Persistence] - Added converter for java.util.Locale<->java.lang.String using org.datanucleus.store.types.converters.LocaleStringConverter
18:27:41,994 (main) DEBUG [DataNucleus.Persistence] - Added converter for java.sql.Date<->java.lang.Long using org.datanucleus.store.types.converters.SqlDateLongConverter
18:27:41,994 (main) DEBUG [DataNucleus.Persistence] - Added converter for java.sql.Date<->java.lang.String using org.datanucleus.store.types.converters.SqlDateStringConverter
18:27:41,994 (main) DEBUG [DataNucleus.Persistence] - Added converter for java.sql.Time<->java.lang.Long using org.datanucleus.store.types.converters.SqlTimeLongConverter
18:27:41,994 (main) DEBUG [DataNucleus.Persistence] - Added converter for java.sql.Time<->java.lang.String using org.datanucleus.store.types.converters.SqlTimeStringConverter
18:27:41,994 (main) DEBUG [DataNucleus.Persistence] - Added converter for java.sql.Timestamp<->java.lang.Long using org.datanucleus.store.types.converters.SqlTimestampLongConverter
18:27:41,994 (main) DEBUG [DataNucleus.Persistence] - Added converter for java.lang.StringBuffer<->java.lang.String using org.datanucleus.store.types.converters.StringBufferStringConverter
18:27:41,994 (main) DEBUG [DataNucleus.Persistence] - Added converter for java.lang.StringBuilder<->java.lang.String using org.datanucleus.store.types.converters.StringBuilderStringConverter
18:27:41,994 (main) DEBUG [DataNucleus.Persistence] - Added converter for java.util.TimeZone<->java.lang.String using org.datanucleus.store.types.converters.TimeZoneStringConverter
18:27:41,994 (main) DEBUG [DataNucleus.Persistence] - Added converter for java.net.URI<->java.lang.String using org.datanucleus.store.types.converters.URIStringConverter
18:27:41,994 (main) DEBUG [DataNucleus.Persistence] - Added converter for java.net.URL<->java.lang.String using org.datanucleus.store.types.converters.URLStringConverter
18:27:41,994 (main) DEBUG [DataNucleus.Persistence] - Added converter for java.util.UUID<->java.lang.String using org.datanucleus.store.types.converters.UUIDStringConverter
18:27:41,994 (main) DEBUG [DataNucleus.Persistence] - TypeConverter for javax.time.calendar.LocalDate<->java.lang.String ignored since java type not present in CLASSPATH
18:27:41,994 (main) DEBUG [DataNucleus.Persistence] - TypeConverter for javax.time.calendar.LocalTime<->java.lang.String ignored since java type not present in CLASSPATH
18:27:41,994 (main) DEBUG [DataNucleus.Persistence] - TypeConverter for javax.time.calendar.LocalTime<->java.lang.Long ignored since java type not present in CLASSPATH
18:27:41,994 (main) DEBUG [DataNucleus.Persistence] - TypeConverter for javax.time.calendar.LocalDateTime<->java.lang.String ignored since java type not present in CLASSPATH
18:27:41,994 (main) DEBUG [DataNucleus.Persistence] - Added converter for java.io.Serializable<->java.lang.String using org.datanucleus.store.types.converters.SerializableStringConverter
18:27:42,010 (main) DEBUG [DataNucleus.Persistence] - Added converter for java.io.Serializable<->[B using org.datanucleus.store.types.converters.SerializableByteArrayConverter
18:27:42,010 (main) DEBUG [DataNucleus.Persistence] - Added converter for org.joda.time.DateTime<->java.lang.String using org.datanucleus.store.types.converters.JodaDateTimeStringConverter
18:27:42,010 (main) DEBUG [DataNucleus.Persistence] - Added converter for org.joda.time.Duration<->java.lang.String using org.datanucleus.store.types.converters.JodaDurationStringConverter
18:27:42,010 (main) DEBUG [DataNucleus.Persistence] - Added converter for org.joda.time.Interval<->java.lang.String using org.datanucleus.store.types.converters.JodaIntervalStringConverter
18:27:42,010 (main) DEBUG [DataNucleus.Persistence] - Added converter for org.joda.time.LocalDate<->java.lang.String using org.datanucleus.store.types.converters.JodaLocalDateStringConverter
18:27:42,010 (main) DEBUG [DataNucleus.Persistence] - Added converter for org.joda.time.LocalTime<->java.lang.String using org.datanucleus.store.types.converters.JodaLocalTimeStringConverter
18:27:42,010 (main) DEBUG [DataNucleus.Persistence] - Added converter for org.joda.time.Period<->java.lang.String using org.datanucleus.store.types.converters.JodaPeriodStringConverter
18:27:42,010 (main) DEBUG [DataNucleus.Persistence] - Type converter support loaded
18:27:42,010 (main) DEBUG [DataNucleus.MetaData] - MetaDataManager : Input=(XML,Annotations), XML-Validation=false, XML-Suffices=(persistence=*.jdo, orm=orm, query=*.jdoquery), JDO-listener=false
18:27:42,010 (main) INFO  [DataNucleus.Enhancer] - DataNucleus Enhancer (version 3.2.11) for API "JDO" using JRE "1.8"
18:27:42,010 (main) DEBUG [DataNucleus.Enhancer] - DataNucleus Enhancer : Classpath
18:27:42,010 (main) DEBUG [DataNucleus.Enhancer] - >>  C:\Program Files\Maven\apache-maven-3.8.3\boot\plexus-classworlds-2.6.0.jar
18:27:42,025 (main) DEBUG [DataNucleus.Enhancer] - Enhancing classes for JRE=1.8 with stackmap-frames=true
18:27:42,041 (main) DEBUG [DataNucleus.MetaData] - MetaData Management : Loading Metadata for classes "[dom.simple.QSimpleObject, dom.simple.SimpleObject, dom.simple.SimpleObjects]" ...
18:27:42,057 (main) DEBUG [DataNucleus.MetaData] - MetaData of type "jdo" for class "dom.simple.QSimpleObject" NOT found at /META-INF/package.jdo
18:27:42,057 (main) DEBUG [DataNucleus.MetaData] - MetaData of type "jdo" for class "dom.simple.QSimpleObject" NOT found at /WEB-INF/package.jdo
18:27:42,057 (main) DEBUG [DataNucleus.MetaData] - MetaData of type "jdo" for class "dom.simple.QSimpleObject" NOT found at /package.jdo
18:27:42,057 (main) DEBUG [DataNucleus.MetaData] - MetaData of type "jdo" for class "dom.simple.QSimpleObject" NOT found at /dom/package.jdo
18:27:42,057 (main) DEBUG [DataNucleus.MetaData] - MetaData of type "jdo" for class "dom.simple.QSimpleObject" NOT found at /dom.jdo
18:27:42,057 (main) DEBUG [DataNucleus.MetaData] - MetaData of type "jdo" for class "dom.simple.QSimpleObject" NOT found at /dom/simple/package.jdo
18:27:42,057 (main) DEBUG [DataNucleus.MetaData] - MetaData of type "jdo" for class "dom.simple.QSimpleObject" NOT found at /dom/simple.jdo
18:27:42,057 (main) DEBUG [DataNucleus.MetaData] - MetaData of type "jdo" for class "dom.simple.QSimpleObject" NOT found at /dom/simple/QSimpleObject.jdo
18:27:42,057 (main) DEBUG [DataNucleus.MetaData] - MetaData of type "jdo" for class "dom.simple.QSimpleObject" not found
18:27:42,057 (main) DEBUG [DataNucleus.MetaData] - Registering class "dom.simple.QSimpleObject" as not having MetaData.
18:27:42,057 (main) DEBUG [DataNucleus.MetaData] - Class "dom.simple.QSimpleObject" has no MetaData or annotations.
18:27:42,135 (main) DEBUG [DataNucleus.MetaData] - Class "dom.simple.SimpleObject" has been specified with JDO annotations so using those.
18:27:42,150 (main) DEBUG [DataNucleus.MetaData] - MetaData of type "jdo" for class "dom.simple.SimpleObjects" NOT found at /META-INF/package.jdo
18:27:42,150 (main) DEBUG [DataNucleus.MetaData] - MetaData of type "jdo" for class "dom.simple.SimpleObjects" NOT found at /WEB-INF/package.jdo
18:27:42,150 (main) DEBUG [DataNucleus.MetaData] - MetaData of type "jdo" for class "dom.simple.SimpleObjects" NOT found at /package.jdo
18:27:42,150 (main) DEBUG [DataNucleus.MetaData] - MetaData of type "jdo" for class "dom.simple.SimpleObjects" NOT found at /dom/package.jdo
18:27:42,150 (main) DEBUG [DataNucleus.MetaData] - MetaData of type "jdo" for class "dom.simple.SimpleObjects" NOT found at /dom.jdo
18:27:42,150 (main) DEBUG [DataNucleus.MetaData] - MetaData of type "jdo" for class "dom.simple.SimpleObjects" NOT found at /dom/simple/package.jdo
18:27:42,150 (main) DEBUG [DataNucleus.MetaData] - MetaData of type "jdo" for class "dom.simple.SimpleObjects" NOT found at /dom/simple.jdo
18:27:42,150 (main) DEBUG [DataNucleus.MetaData] - MetaData of type "jdo" for class "dom.simple.SimpleObjects" NOT found at /dom/simple/SimpleObjects.jdo
18:27:42,150 (main) DEBUG [DataNucleus.MetaData] - MetaData of type "jdo" for class "dom.simple.SimpleObjects" not found
18:27:42,150 (main) DEBUG [DataNucleus.MetaData] - Registering class "dom.simple.SimpleObjects" as not having MetaData.
18:27:42,150 (main) DEBUG [DataNucleus.MetaData] - Class "dom.simple.SimpleObjects" has no MetaData or annotations.
18:27:42,150 (main) DEBUG [DataNucleus.MetaData] - Populating all MetaData ...
18:27:42,166 (main) DEBUG [DataNucleus.MetaData] - Class "dom.simple.SimpleObject" : Populating Meta-Data
18:27:42,166 (main) DEBUG [DataNucleus.MetaData] - Class "dom.simple.SimpleObject" field "container" : Adding Meta-Data for field since it didnt appear in the Meta-Data definition.
18:27:42,166 (main) DEBUG [DataNucleus.MetaData] - MetaData of type "jdo" for class "org.apache.isis.applib.DomainObjectContainer" NOT found at /META-INF/package.jdo
18:27:42,166 (main) DEBUG [DataNucleus.MetaData] - MetaData of type "jdo" for class "org.apache.isis.applib.DomainObjectContainer" NOT found at /WEB-INF/package.jdo
18:27:42,166 (main) DEBUG [DataNucleus.MetaData] - MetaData of type "jdo" for class "org.apache.isis.applib.DomainObjectContainer" NOT found at /package.jdo
18:27:42,166 (main) DEBUG [DataNucleus.MetaData] - MetaData of type "jdo" for class "org.apache.isis.applib.DomainObjectContainer" NOT found at /org/package.jdo
18:27:42,166 (main) DEBUG [DataNucleus.MetaData] - MetaData of type "jdo" for class "org.apache.isis.applib.DomainObjectContainer" NOT found at /org.jdo
18:27:42,166 (main) DEBUG [DataNucleus.MetaData] - MetaData of type "jdo" for class "org.apache.isis.applib.DomainObjectContainer" NOT found at /org/apache/package.jdo
18:27:42,166 (main) DEBUG [DataNucleus.MetaData] - MetaData of type "jdo" for class "org.apache.isis.applib.DomainObjectContainer" NOT found at /org/apache.jdo
18:27:42,166 (main) DEBUG [DataNucleus.MetaData] - MetaData of type "jdo" for class "org.apache.isis.applib.DomainObjectContainer" NOT found at /org/apache/isis/package.jdo
18:27:42,166 (main) DEBUG [DataNucleus.MetaData] - MetaData of type "jdo" for class "org.apache.isis.applib.DomainObjectContainer" NOT found at /org/apache/isis.jdo
18:27:42,166 (main) DEBUG [DataNucleus.MetaData] - MetaData of type "jdo" for class "org.apache.isis.applib.DomainObjectContainer" NOT found at /org/apache/isis/applib/package.jdo
18:27:42,166 (main) DEBUG [DataNucleus.MetaData] - MetaData of type "jdo" for class "org.apache.isis.applib.DomainObjectContainer" NOT found at /org/apache/isis/applib.jdo
18:27:42,166 (main) DEBUG [DataNucleus.MetaData] - MetaData of type "jdo" for class "org.apache.isis.applib.DomainObjectContainer" NOT found at /org/apache/isis/applib/DomainObjectContainer.jdo
18:27:42,166 (main) DEBUG [DataNucleus.MetaData] - MetaData of type "jdo" for class "org.apache.isis.applib.DomainObjectContainer" not found
18:27:42,166 (main) DEBUG [DataNucleus.MetaData] - Registering class "org.apache.isis.applib.DomainObjectContainer" as not having MetaData.
18:27:42,166 (main) DEBUG [DataNucleus.MetaData] - Initialising all MetaData ...
18:27:42,166 (main) DEBUG [DataNucleus.MetaData] - Class "dom.simple.SimpleObject" : Initialising Meta-Data
18:27:42,182 (main) DEBUG [DataNucleus.MetaData] - MetaData Management : Load of Metadata complete
18:27:42,197 (main) DEBUG [DataNucleus.Enhancer] - Enhance of class "dom.simple.SimpleObject" starting ...
18:27:42,275 (main) DEBUG [DataNucleus.Enhancer] - Class "dom.simple.SimpleObject" doesnt implement the interface "javax.jdo.spi.PersistenceCapable" but is required
18:27:42,275 (main) DEBUG [DataNucleus.Enhancer] - Class "dom.simple.SimpleObject" doesnt have field "jdoFlags" but is required
18:27:42,275 (main) DEBUG [DataNucleus.Enhancer] - Class "dom.simple.SimpleObject" doesnt have field "jdoPersistenceCapableSuperclass" but is required
18:27:42,275 (main) DEBUG [DataNucleus.Enhancer] - Class "dom.simple.SimpleObject" doesnt have field "jdoInheritedFieldCount" but is required
18:27:42,275 (main) DEBUG [DataNucleus.Enhancer] - Class "dom.simple.SimpleObject" doesnt have field "jdoStateManager" but is required
18:27:42,275 (main) DEBUG [DataNucleus.Enhancer] - Class "dom.simple.SimpleObject" doesnt have field "jdoFieldNames" but is required
18:27:42,275 (main) DEBUG [DataNucleus.Enhancer] - Class "dom.simple.SimpleObject" doesnt have field "jdoFieldFlags" but is required
18:27:42,275 (main) DEBUG [DataNucleus.Enhancer] - Class "dom.simple.SimpleObject" doesnt have field "jdoFieldTypes" but is required
18:27:42,275 (main) DEBUG [DataNucleus.Enhancer] - Class "dom.simple.SimpleObject" doesnt have method "jdoIsTransactional" but is required
18:27:42,275 (main) DEBUG [DataNucleus.Enhancer] - Class "dom.simple.SimpleObject" doesnt have method "jdoGetObjectId" but is required
18:27:42,275 (main) DEBUG [DataNucleus.Enhancer] - Class "dom.simple.SimpleObject" doesnt have method "jdoGetPersistenceManager" but is required
18:27:42,275 (main) DEBUG [DataNucleus.Enhancer] - Class "dom.simple.SimpleObject" doesnt have method "jdoIsDirty" but is required
18:27:42,275 (main) DEBUG [DataNucleus.Enhancer] - Class "dom.simple.SimpleObject" doesnt have method "jdoIsDetached" but is required
18:27:42,275 (main) DEBUG [DataNucleus.Enhancer] - Class "dom.simple.SimpleObject" doesnt have method "jdoNewObjectIdInstance" but is required
18:27:42,275 (main) DEBUG [DataNucleus.Enhancer] - Class "dom.simple.SimpleObject" doesnt have method "jdoNewObjectIdInstance" but is required
18:27:42,275 (main) DEBUG [DataNucleus.Enhancer] - Class "dom.simple.SimpleObject" doesnt have method "jdoCopyFields" but is required
18:27:42,275 (main) DEBUG [DataNucleus.Enhancer] - Class "dom.simple.SimpleObject" doesnt have method "jdoIsDeleted" but is required
18:27:42,275 (main) DEBUG [DataNucleus.Enhancer] - Class "dom.simple.SimpleObject" doesnt have method "jdoNewInstance" but is required
18:27:42,275 (main) DEBUG [DataNucleus.Enhancer] - Class "dom.simple.SimpleObject" doesnt have method "jdoNewInstance" but is required
18:27:42,275 (main) DEBUG [DataNucleus.Enhancer] - Class "dom.simple.SimpleObject" doesnt have method "jdoGetVersion" but is required
18:27:42,275 (main) DEBUG [DataNucleus.Enhancer] - Class "dom.simple.SimpleObject" doesnt have method "jdoProvideField" but is required
18:27:42,275 (main) DEBUG [DataNucleus.Enhancer] - Class "dom.simple.SimpleObject" doesnt have method "jdoGetManagedFieldCount" but is required
18:27:42,275 (main) DEBUG [DataNucleus.Enhancer] - Class "dom.simple.SimpleObject" doesnt have method "jdoReplaceField" but is required
18:27:42,275 (main) DEBUG [DataNucleus.Enhancer] - Class "dom.simple.SimpleObject" doesnt have method "jdoCopyField" but is required
18:27:42,275 (main) DEBUG [DataNucleus.Enhancer] - Class "dom.simple.SimpleObject" doesnt have method "jdoProvideFields" but is required
18:27:42,275 (main) DEBUG [DataNucleus.Enhancer] - Class "dom.simple.SimpleObject" doesnt have method "jdoCopyKeyFieldsFromObjectId" but is required
18:27:42,275 (main) DEBUG [DataNucleus.Enhancer] - Class "dom.simple.SimpleObject" doesnt have method "jdoCopyKeyFieldsFromObjectId" but is required
18:27:42,275 (main) DEBUG [DataNucleus.Enhancer] - Class "dom.simple.SimpleObject" doesnt have method "jdoSuperClone" but is required
18:27:42,275 (main) DEBUG [DataNucleus.Enhancer] - Class "dom.simple.SimpleObject" doesnt have method "__jdoGetInheritedFieldCount" but is required
18:27:42,275 (main) DEBUG [DataNucleus.Enhancer] - Class "dom.simple.SimpleObject" doesnt have method "__jdoFieldTypesInit" but is required
18:27:42,275 (main) DEBUG [DataNucleus.Enhancer] - Class "dom.simple.SimpleObject" doesnt have method "jdoReplaceFlags" but is required
18:27:42,275 (main) DEBUG [DataNucleus.Enhancer] - Class "dom.simple.SimpleObject" doesnt have method "___jdo$loadClass" but is required
18:27:42,275 (main) DEBUG [DataNucleus.Enhancer] - Class "dom.simple.SimpleObject" doesnt have method "jdoMakeDirty" but is required
18:27:42,275 (main) DEBUG [DataNucleus.Enhancer] - Class "dom.simple.SimpleObject" doesnt have method "jdoGetTransactionalObjectId" but is required
18:27:42,275 (main) DEBUG [DataNucleus.Enhancer] - Class "dom.simple.SimpleObject" doesnt have method "__jdoFieldNamesInit" but is required
18:27:42,275 (main) DEBUG [DataNucleus.Enhancer] - Class "dom.simple.SimpleObject" doesnt have method "jdoIsNew" but is required
18:27:42,275 (main) DEBUG [DataNucleus.Enhancer] - Class "dom.simple.SimpleObject" doesnt have method "jdoReplaceStateManager" but is required
18:27:42,275 (main) DEBUG [DataNucleus.Enhancer] - Class "dom.simple.SimpleObject" doesnt have method "__jdoFieldFlagsInit" but is required
18:27:42,275 (main) DEBUG [DataNucleus.Enhancer] - Class "dom.simple.SimpleObject" doesnt have method "jdoPreSerialize" but is required
18:27:42,275 (main) DEBUG [DataNucleus.Enhancer] - Class "dom.simple.SimpleObject" doesnt have method "jdoIsPersistent" but is required
18:27:42,275 (main) DEBUG [DataNucleus.Enhancer] - Class "dom.simple.SimpleObject" doesnt have method "jdoReplaceFields" but is required
18:27:42,275 (main) DEBUG [DataNucleus.Enhancer] - Class "dom.simple.SimpleObject" doesnt have method "jdoCopyKeyFieldsToObjectId" but is required
18:27:42,275 (main) DEBUG [DataNucleus.Enhancer] - Class "dom.simple.SimpleObject" doesnt have method "jdoCopyKeyFieldsToObjectId" but is required
18:27:42,275 (main) DEBUG [DataNucleus.Enhancer] - Class "dom.simple.SimpleObject" doesnt have method "__jdoPersistenceCapableSuperclassInit" but is required
18:27:42,322 (main) DEBUG [DataNucleus.Enhancer] - Adding interface: javax.jdo.spi.PersistenceCapable
18:27:42,322 (main) DEBUG [DataNucleus.Enhancer] - Adding method "java.lang.String jdoGetname()"
18:27:42,322 (main) DEBUG [DataNucleus.Enhancer] - Adding method "void jdoSetname(class java.lang.String val)"
18:27:42,322 (main) DEBUG [DataNucleus.Enhancer] - Adding field "javax.jdo.spi.StateManager jdoStateManager"
18:27:42,322 (main) DEBUG [DataNucleus.Enhancer] - Adding field "byte jdoFlags"
18:27:42,322 (main) DEBUG [DataNucleus.Enhancer] - Adding field "[B jdoFieldFlags"
18:27:42,322 (main) DEBUG [DataNucleus.Enhancer] - Adding field "java.lang.Class jdoPersistenceCapableSuperclass"
18:27:42,322 (main) DEBUG [DataNucleus.Enhancer] - Adding field "[Ljava.lang.Class; jdoFieldTypes"
18:27:42,322 (main) DEBUG [DataNucleus.Enhancer] - Adding field "[Ljava.lang.String; jdoFieldNames"
18:27:42,322 (main) DEBUG [DataNucleus.Enhancer] - Adding field "int jdoInheritedFieldCount"
18:27:42,322 (main) DEBUG [DataNucleus.Enhancer] - Adding method "void <clinit>()"
18:27:42,322 (main) DEBUG [DataNucleus.Enhancer] - Adding method "void jdoCopyKeyFieldsFromObjectId(interface javax.jdo.spi.PersistenceCapable$ObjectIdFieldConsumer fc, class java.lang.Object oid)"
18:27:42,322 (main) DEBUG [DataNucleus.Enhancer] - Adding method "void jdoCopyKeyFieldsFromObjectId(class java.lang.Object oid)"
18:27:42,322 (main) DEBUG [DataNucleus.Enhancer] - Adding method "void jdoCopyKeyFieldsToObjectId(class java.lang.Object oid)"
18:27:42,322 (main) DEBUG [DataNucleus.Enhancer] - Adding method "void jdoCopyKeyFieldsToObjectId(interface javax.jdo.spi.PersistenceCapable$ObjectIdFieldSupplier fs, class java.lang.Object oid)"
18:27:42,322 (main) DEBUG [DataNucleus.Enhancer] - Adding method "java.lang.Object jdoGetObjectId()"
18:27:42,322 (main) DEBUG [DataNucleus.Enhancer] - Adding method "java.lang.Object jdoGetVersion()"
18:27:42,322 (main) DEBUG [DataNucleus.Enhancer] - Adding method "void jdoPreSerialize()"
18:27:42,322 (main) DEBUG [DataNucleus.Enhancer] - Adding method "javax.jdo.PersistenceManager jdoGetPersistenceManager()"
18:27:42,338 (main) DEBUG [DataNucleus.Enhancer] - Adding method "java.lang.Object jdoGetTransactionalObjectId()"
18:27:42,338 (main) DEBUG [DataNucleus.Enhancer] - Adding method "boolean jdoIsDeleted()"
18:27:42,338 (main) DEBUG [DataNucleus.Enhancer] - Adding method "boolean jdoIsDirty()"
18:27:42,338 (main) DEBUG [DataNucleus.Enhancer] - Adding method "boolean jdoIsNew()"
18:27:42,338 (main) DEBUG [DataNucleus.Enhancer] - Adding method "boolean jdoIsPersistent()"
18:27:42,338 (main) DEBUG [DataNucleus.Enhancer] - Adding method "boolean jdoIsTransactional()"
18:27:42,338 (main) DEBUG [DataNucleus.Enhancer] - Adding method "void jdoMakeDirty(class java.lang.String fieldName)"
18:27:42,338 (main) DEBUG [DataNucleus.Enhancer] - Adding method "java.lang.Object jdoNewObjectIdInstance()"
18:27:42,338 (main) DEBUG [DataNucleus.Enhancer] - Adding method "java.lang.Object jdoNewObjectIdInstance(class java.lang.Object key)"
18:27:42,338 (main) DEBUG [DataNucleus.Enhancer] - Adding method "void jdoProvideFields(class [I indices)"
18:27:42,338 (main) DEBUG [DataNucleus.Enhancer] - Adding method "void jdoReplaceFields(class [I indices)"
18:27:42,338 (main) DEBUG [DataNucleus.Enhancer] - Adding method "void jdoReplaceFlags()"
18:27:42,338 (main) DEBUG [DataNucleus.Enhancer] - Adding method "void jdoReplaceStateManager(interface javax.jdo.spi.StateManager sm)"
18:27:42,338 (main) DEBUG [DataNucleus.Enhancer] - Adding method "boolean jdoIsDetached()"
18:27:42,338 (main) DEBUG [DataNucleus.Enhancer] - Adding method "javax.jdo.spi.PersistenceCapable jdoNewInstance(interface javax.jdo.spi.StateManager sm)"
18:27:42,338 (main) DEBUG [DataNucleus.Enhancer] - Adding method "javax.jdo.spi.PersistenceCapable jdoNewInstance(interface javax.jdo.spi.StateManager sm, class java.lang.Object obj)"
18:27:42,338 (main) DEBUG [DataNucleus.Enhancer] - Adding method "void jdoReplaceField(int index)"
18:27:42,338 (main) DEBUG [DataNucleus.Enhancer] - Adding method "void jdoProvideField(int index)"
18:27:42,338 (main) DEBUG [DataNucleus.Enhancer] - Adding method "void jdoCopyField(class dom.simple.SimpleObject obj, int index)"
18:27:42,338 (main) DEBUG [DataNucleus.Enhancer] - Adding method "void jdoCopyFields(class java.lang.Object obj, class [I indices)"
18:27:42,338 (main) DEBUG [DataNucleus.Enhancer] - Adding method "[Ljava.lang.String; __jdoFieldNamesInit()"
18:27:42,338 (main) DEBUG [DataNucleus.Enhancer] - Adding method "[Ljava.lang.Class; __jdoFieldTypesInit()"
18:27:42,338 (main) DEBUG [DataNucleus.Enhancer] - Adding method "[B __jdoFieldFlagsInit()"
18:27:42,338 (main) DEBUG [DataNucleus.Enhancer] - Adding method "int __jdoGetInheritedFieldCount()"
18:27:42,338 (main) DEBUG [DataNucleus.Enhancer] - Adding method "int jdoGetManagedFieldCount()"
18:27:42,338 (main) DEBUG [DataNucleus.Enhancer] - Adding method "java.lang.Class __jdoPersistenceCapableSuperclassInit()"
18:27:42,338 (main) DEBUG [DataNucleus.Enhancer] - Adding method "java.lang.Class ___jdo$loadClass(class java.lang.String className)"
18:27:42,338 (main) DEBUG [DataNucleus.Enhancer] - Adding method "java.lang.Object jdoSuperClone()"
18:27:42,338 (main) INFO  [DataNucleus.Enhancer] - Writing class file "D:\Maven-folderstructure\Phonepay\recharge\dom\target\classes\dom\simple\SimpleObject.class" with enhanced definition
18:27:42,338 (main) INFO  [DataNucleus.Enhancer] - ENHANCED (PersistenceCapable) : dom.simple.SimpleObject
18:27:42,338 (main) DEBUG [DataNucleus.Enhancer] - Enhance of class "dom.simple.SimpleObject" completed
18:27:42,338 (main) INFO  [DataNucleus.Enhancer] - DataNucleus Enhancer completed with success for 1 classes. Timings : input=157 ms, enhance=156 ms, total=313 ms. Consult the log for full details
